Base path: /Applications/Unity/Unity.app/Contents
Pipe name: \\.\pipe\UnityShaderCompiler-64bit-1-1949319168
Cmd: getPlatforms
Cmd: preprocess
  insize=219 outsize=219 ok=1
Cmd: preprocess
  insize=2317 outsize=849 ok=1
Cmd: compileSnippet
  api=0 type=0 insize=1770 outsize=1334 kw= ok=1
Cmd: compileSnippet
  api=0 type=1 insize=1770 outsize=6 kw= ok=1
Cmd: preprocess
  insize=1571 outsize=492 ok=1
Cmd: compileSnippet
  api=0 type=0 insize=1381 outsize=1084 kw= ok=1
Cmd: compileSnippet
  api=0 type=1 insize=1381 outsize=6 kw= ok=1
Cmd: preprocess
  insize=2886 outsize=889 ok=1
Cmd: compileSnippet
  api=0 type=0 insize=2301 outsize=2013 kw= ok=1
Cmd: compileSnippet
  api=0 type=1 insize=2301 outsize=6 kw= ok=1
Cmd: preprocess
  insize=2330 outsize=478 ok=1
Cmd: compileSnippet
  api=0 type=0 insize=2154 outsize=1818 kw= ok=1
Cmd: compileSnippet
  api=0 type=1 insize=2154 outsize=6 kw= ok=1
Cmd: preprocess
  insize=1986 outsize=887 ok=1
Cmd: compileSnippet
  api=0 type=0 insize=1401 outsize=1025 kw= ok=1
Cmd: compileSnippet
  api=0 type=1 insize=1401 outsize=6 kw= ok=1
Cmd: preprocess
  insize=1964 outsize=478 ok=1
Cmd: compileSnippet
  api=0 type=0 insize=1788 outsize=1320 kw= ok=1
Cmd: compileSnippet
  api=0 type=1 insize=1788 outsize=6 kw= ok=1
Cmd: preprocess
  insize=480 outsize=480 ok=1
Cmd: preprocess
  insize=2450 outsize=535 ok=1
Cmd: compileSnippet
  api=0 type=0 insize=2219 outsize=1886 kw= ok=1
Cmd: compileSnippet
  api=0 type=1 insize=2219 outsize=6 kw= ok=1
Cmd: preprocess
  insize=2083 outsize=533 ok=1
Cmd: compileSnippet
  api=0 type=0 insize=1852 outsize=1380 kw= ok=1
Cmd: compileSnippet
  api=0 type=1 insize=1852 outsize=6 kw= ok=1
Cmd: preprocess
  insize=1404 outsize=609 ok=1
Cmd: compileSnippet
  api=0 type=0 insize=1097 outsize=789 kw= ok=1
Cmd: compileSnippet
  api=0 type=1 insize=1097 outsize=6 kw= ok=1
Cmd: preprocess
  insize=1452 outsize=830 ok=1
Cmd: compileSnippet
  api=0 type=0 insize=924 outsize=495 kw= ok=1
Cmd: compileSnippet
  api=0 type=1 insize=924 outsize=6 kw= ok=1
Cmd: preprocess
  insize=1503 outsize=625 ok=1
Cmd: compileSnippet
  api=0 type=0 insize=1179 outsize=846 kw= ok=1
Cmd: compileSnippet
  api=0 type=1 insize=1179 outsize=6 kw= ok=1
Cmd: preprocess
  insize=2684 outsize=849 ok=1
Cmd: compileSnippet
  api=0 type=0 insize=2137 outsize=1832 kw= ok=1
Cmd: compileSnippet
  api=0 type=1 insize=2137 outsize=6 kw= ok=1
Cmd: preprocess
  insize=1636 outsize=878 ok=1
Cmd: compileSnippet
  api=0 type=0 insize=1060 outsize=692 kw= ok=1
Cmd: compileSnippet
  api=0 type=1 insize=1060 outsize=6 kw= ok=1
Cmd: preprocess
  insize=1560 outsize=533 ok=1
Cmd: compileSnippet
  api=0 type=0 insize=1329 outsize=907 kw= ok=1
Cmd: compileSnippet
  api=0 type=1 insize=1329 outsize=6 kw= ok=1
Cmd: preprocess
  insize=1428 outsize=478 ok=1
Cmd: compileSnippet
  api=0 type=0 insize=1252 outsize=828 kw= ok=1
Cmd: compileSnippet
  api=0 type=1 insize=1252 outsize=6 kw= ok=1
Cmd: preprocess
  insize=3042 outsize=2109 ok=1
Cmd: compileSnippet
  api=0 type=0 insize=7984 outsize=4030 kw=DIRECTIONAL SHADOWS_OFF LIGHTMAP_OFF DIRLIGHTMAP_OFF DYNAMICLIGHTMAP_OFF ok=1
Cmd: compileSnippet
  api=0 type=1 insize=7984 outsize=6 kw=DIRECTIONAL SHADOWS_OFF LIGHTMAP_OFF DIRLIGHTMAP_OFF DYNAMICLIGHTMAP_OFF ok=1
Cmd: compileSnippet
  api=0 type=0 insize=5287 outsize=3364 kw=POINT ok=1
Cmd: compileSnippet
  api=0 type=1 insize=5287 outsize=6 kw=POINT ok=1
Cmd: compileSnippet
  api=0 type=0 insize=4588 outsize=3677 kw= ok=1
Cmd: compileSnippet
  api=0 type=1 insize=4588 outsize=6 kw= ok=1
Cmd: compileSnippet
  api=0 type=0 insize=7551 outsize=2750 kw=DIRECTIONAL SHADOWS_OFF LIGHTMAP_OFF DIRLIGHTMAP_OFF DYNAMICLIGHTMAP_OFF ok=1
Cmd: compileSnippet
  api=0 type=1 insize=7551 outsize=6 kw=DIRECTIONAL SHADOWS_OFF LIGHTMAP_OFF DIRLIGHTMAP_OFF DYNAMICLIGHTMAP_OFF ok=1
Cmd: compileSnippet
  api=0 type=0 insize=4392 outsize=2213 kw=POINT ok=1
Cmd: compileSnippet
  api=0 type=1 insize=4392 outsize=6 kw=POINT ok=1
Cmd: compileSnippet
  api=0 type=0 insize=3732 outsize=2274 kw= ok=1
Cmd: compileSnippet
  api=0 type=1 insize=3732 outsize=6 kw= ok=1
Cmd: preprocess
  insize=2519 outsize=887 ok=1
Cmd: compileSnippet
  api=0 type=0 insize=1934 outsize=1515 kw= ok=1
Cmd: compileSnippet
  api=0 type=1 insize=1934 outsize=6 kw= ok=1
Cmd: preprocess
  insize=1784 outsize=847 ok=1
Cmd: compileSnippet
  api=0 type=0 insize=1237 outsize=844 kw= ok=1
Cmd: compileSnippet
  api=0 type=1 insize=1237 outsize=6 kw= ok=1
Cmd: preprocess
  insize=2474 outsize=494 ok=1
Cmd: compileSnippet
  api=0 type=0 insize=2284 outsize=2072 kw= ok=1
Cmd: compileSnippet
  api=0 type=1 insize=2284 outsize=6 kw= ok=1
Cmd: preprocess
  insize=435 outsize=435 ok=1
Cmd: preprocess
  insize=1465 outsize=506 ok=1
Cmd: compileSnippet
  api=0 type=0 insize=1260 outsize=1021 kw= ok=1
Cmd: compileSnippet
  api=0 type=1 insize=1260 outsize=6 kw= ok=1
Cmd: preprocess
  insize=1414 outsize=840 ok=1
Cmd: compileSnippet
  api=0 type=0 insize=876 outsize=429 kw= ok=1
Cmd: compileSnippet
  api=0 type=1 insize=876 outsize=6 kw= ok=1
Cmd: preprocess
  insize=5950 outsize=3819 ok=1
Cmd: compileSnippet
  api=0 type=0 insize=9556 outsize=4976 kw=DIRECTIONAL LIGHTMAP_OFF DIRLIGHTMAP_OFF DYNAMICLIGHTMAP_OFF ok=1
Cmd: compileSnippet
  api=0 type=1 insize=9556 outsize=6 kw=DIRECTIONAL LIGHTMAP_OFF DIRLIGHTMAP_OFF DYNAMICLIGHTMAP_OFF ok=1
Cmd: compileSnippet
  api=0 type=0 insize=6747 outsize=4276 kw=POINT ok=1
Cmd: compileSnippet
  api=0 type=1 insize=6747 outsize=6 kw=POINT ok=1
Cmd: compileSnippet
  api=0 type=0 insize=6163 outsize=4767 kw= ok=1
Cmd: compileSnippet
  api=0 type=1 insize=6163 outsize=6 kw= ok=1
Cmd: compileSnippet
  api=0 type=0 insize=8371 outsize=4419 kw=DIRECTIONAL LIGHTMAP_OFF DIRLIGHTMAP_OFF DYNAMICLIGHTMAP_OFF ok=1
Cmd: compileSnippet
  api=0 type=1 insize=8371 outsize=6 kw=DIRECTIONAL LIGHTMAP_OFF DIRLIGHTMAP_OFF DYNAMICLIGHTMAP_OFF ok=1
Cmd: compileSnippet
  api=0 type=0 insize=5649 outsize=3720 kw=POINT ok=1
Cmd: compileSnippet
  api=0 type=1 insize=5649 outsize=6 kw=POINT ok=1
Cmd: compileSnippet
  api=0 type=0 insize=5065 outsize=3968 kw= ok=1
Cmd: compileSnippet
  api=0 type=1 insize=5065 outsize=6 kw= ok=1
Cmd: compileSnippet
  api=0 type=0 insize=7420 outsize=2540 kw=DIRECTIONAL LIGHTMAP_OFF DIRLIGHTMAP_OFF DYNAMICLIGHTMAP_OFF ok=1
Cmd: compileSnippet
  api=0 type=1 insize=7420 outsize=6 kw=DIRECTIONAL LIGHTMAP_OFF DIRLIGHTMAP_OFF DYNAMICLIGHTMAP_OFF ok=1
Cmd: compileSnippet
  api=0 type=0 insize=4190 outsize=2063 kw=POINT ok=1
Cmd: compileSnippet
  api=0 type=1 insize=4190 outsize=6 kw=POINT ok=1
Cmd: compileSnippet
  api=0 type=0 insize=3537 outsize=2672 kw= ok=1
Cmd: compileSnippet
  api=0 type=1 insize=3537 outsize=6 kw= ok=1
Cmd: preprocess
  insize=1464 outsize=884 ok=1
Cmd: compileSnippet
  api=0 type=0 insize=882 outsize=429 kw= ok=1
Cmd: compileSnippet
  api=0 type=1 insize=882 outsize=6 kw= ok=1
Cmd: preprocess
  insize=2361 outsize=2710 ok=1
Cmd: compileSnippet
  api=0 type=0 insize=8089 outsize=4159 kw=DIRECTIONAL SHADOWS_OFF LIGHTMAP_OFF DIRLIGHTMAP_OFF DYNAMICLIGHTMAP_OFF ok=1
Cmd: compileSnippet
  api=0 type=1 insize=8089 outsize=6 kw=DIRECTIONAL SHADOWS_OFF LIGHTMAP_OFF DIRLIGHTMAP_OFF DYNAMICLIGHTMAP_OFF ok=1
Cmd: compileSnippet
  api=0 type=0 insize=5392 outsize=3465 kw=POINT ok=1
Cmd: compileSnippet
  api=0 type=1 insize=5392 outsize=6 kw=POINT ok=1
Cmd: compileSnippet
  api=0 type=0 insize=4693 outsize=3711 kw= ok=1
Cmd: compileSnippet
  api=0 type=1 insize=4693 outsize=6 kw= ok=1
Cmd: compileSnippet
  api=0 type=0 insize=6944 outsize=2372 kw=DIRECTIONAL SHADOWS_OFF LIGHTMAP_OFF DIRLIGHTMAP_OFF DYNAMICLIGHTMAP_OFF ok=1
Cmd: compileSnippet
  api=0 type=1 insize=6944 outsize=6 kw=DIRECTIONAL SHADOWS_OFF LIGHTMAP_OFF DIRLIGHTMAP_OFF DYNAMICLIGHTMAP_OFF ok=1
Cmd: compileSnippet
  api=0 type=0 insize=3781 outsize=1864 kw=POINT ok=1
Cmd: compileSnippet
  api=0 type=1 insize=3781 outsize=6 kw=POINT ok=1
Cmd: compileSnippet
  api=0 type=0 insize=2939 outsize=978 kw= ok=1
Cmd: compileSnippet
  api=0 type=1 insize=2939 outsize=6 kw= ok=1
Cmd: compileSnippet
  api=0 type=0 insize=5983 outsize=2724 kw=LIGHTMAP_OFF DIRLIGHTMAP_OFF DYNAMICLIGHTMAP_OFF HDR_LIGHT_PREPASS_OFF ok=1
Cmd: compileSnippet
  api=0 type=1 insize=5983 outsize=6 kw=LIGHTMAP_OFF DIRLIGHTMAP_OFF DYNAMICLIGHTMAP_OFF HDR_LIGHT_PREPASS_OFF ok=1
Cmd: compileSnippet
  api=0 type=0 insize=6062 outsize=2719 kw=LIGHTMAP_OFF DIRLIGHTMAP_OFF DYNAMICLIGHTMAP_OFF HDR_LIGHT_PREPASS_OFF ok=1
Cmd: compileSnippet
  api=0 type=1 insize=6062 outsize=6 kw=LIGHTMAP_OFF DIRLIGHTMAP_OFF DYNAMICLIGHTMAP_OFF HDR_LIGHT_PREPASS_OFF ok=1
Cmd: compileSnippet
  api=0 type=0 insize=3130 outsize=2415 kw= ok=1
Cmd: compileSnippet
  api=0 type=1 insize=3130 outsize=6 kw= ok=1
Cmd: preprocess
  insize=1287 outsize=490 ok=1
Cmd: compileSnippet
  api=0 type=0 insize=1099 outsize=752 kw= ok=1
Cmd: compileSnippet
  api=0 type=1 insize=1099 outsize=6 kw= ok=1
Cmd: preprocess
  insize=1232 outsize=482 ok=1
Cmd: compileSnippet
  api=0 type=0 insize=1051 outsize=751 kw= ok=1
Cmd: compileSnippet
  api=0 type=1 insize=1051 outsize=6 kw= ok=1
Cmd: preprocess
  insize=2107 outsize=491 ok=1
Cmd: compileSnippet
  api=0 type=0 insize=1917 outsize=1574 kw= ok=1
Cmd: compileSnippet
  api=0 type=1 insize=1917 outsize=6 kw= ok=1
Cmd: preprocess
  insize=1668 outsize=929 ok=1
Cmd: compileSnippet
  api=0 type=0 insize=1041 outsize=678 kw= ok=1
Cmd: compileSnippet
  api=0 type=1 insize=1041 outsize=6 kw= ok=1
Cmd: compileSnippet
  api=0 type=0 insize=541 outsize=1893 kw=SHADOWS_DEPTH ok=1
Cmd: compileSnippet
  api=0 type=1 insize=541 outsize=6 kw=SHADOWS_DEPTH ok=1
Cmd: compileSnippet
  api=0 type=0 insize=6810 outsize=2300 kw=DIRECTIONAL SHADOWS_OFF LIGHTMAP_OFF DIRLIGHTMAP_OFF DYNAMICLIGHTMAP_OFF ok=1
Cmd: compileSnippet
  api=0 type=1 insize=6810 outsize=6 kw=DIRECTIONAL SHADOWS_OFF LIGHTMAP_OFF DIRLIGHTMAP_OFF DYNAMICLIGHTMAP_OFF ok=1
Cmd: compileSnippet
  api=0 type=0 insize=3647 outsize=1489 kw=DIRECTIONAL ok=1
Cmd: compileSnippet
  api=0 type=1 insize=3647 outsize=6 kw=DIRECTIONAL ok=1
Cmd: compileSnippet
  api=0 type=0 insize=5392 outsize=3143 kw=DIRECTIONAL ok=1
Cmd: compileSnippet
  api=0 type=1 insize=5392 outsize=6 kw=DIRECTIONAL ok=1
Cmd: compileSnippet
  api=0 type=0 insize=990 outsize=463 kw= ok=1
Cmd: compileSnippet
  api=0 type=1 insize=990 outsize=6 kw= ok=1
Cmd: compileSnippet
  api=0 type=0 insize=5287 outsize=3042 kw=DIRECTIONAL ok=1
Cmd: compileSnippet
  api=0 type=1 insize=5287 outsize=6 kw=DIRECTIONAL ok=1
Cmd: compileSnippet
  api=0 type=0 insize=577 outsize=1893 kw=SHADOWS_DEPTH ok=1
Cmd: compileSnippet
  api=0 type=1 insize=577 outsize=6 kw=SHADOWS_DEPTH ok=1
Cmd: compileSnippet
  api=0 type=0 insize=7080 outsize=3525 kw=DIRECTIONAL SHADOWS_OFF LIGHTMAP_OFF DIRLIGHTMAP_OFF DYNAMICLIGHTMAP_OFF ok=1
Cmd: compileSnippet
  api=0 type=1 insize=7080 outsize=6 kw=DIRECTIONAL SHADOWS_OFF LIGHTMAP_OFF DIRLIGHTMAP_OFF DYNAMICLIGHTMAP_OFF ok=1
Cmd: compileSnippet
  api=0 type=0 insize=6747 outsize=3960 kw=DIRECTIONAL ok=1
Cmd: compileSnippet
  api=0 type=1 insize=6747 outsize=6 kw=DIRECTIONAL ok=1
Cmd: compileSnippet
  api=0 type=0 insize=751 outsize=1893 kw=SHADOWS_DEPTH ok=1
Cmd: compileSnippet
  api=0 type=1 insize=751 outsize=6 kw=SHADOWS_DEPTH ok=1
Cmd: compileSnippet
  api=0 type=0 insize=982 outsize=9902 kw=DIRECTIONAL SHADOWS_OFF LIGHTMAP_OFF DIRLIGHTMAP_OFF DYNAMICLIGHTMAP_OFF ok=1
Cmd: compileSnippet
  api=0 type=1 insize=982 outsize=6 kw=DIRECTIONAL SHADOWS_OFF LIGHTMAP_OFF DIRLIGHTMAP_OFF DYNAMICLIGHTMAP_OFF ok=1
Cmd: compileSnippet
  api=0 type=0 insize=938 outsize=5705 kw=DIRECTIONAL SHADOWS_OFF ok=1
Cmd: compileSnippet
  api=0 type=1 insize=938 outsize=6 kw=DIRECTIONAL SHADOWS_OFF ok=1
